<?xml version="1.0" encoding="UTF-8"?>
<!-- Generated by org.testng.reporters.JUnitReportReporter -->
<testsuite skipped="0" hostname="BDC4-L-61062ND" name="com.demo.qa.test.CarLoanTest" tests="1" failures="0" timestamp="2020-05-12T17:43:36 IST" time="0.071" errors="0">
  <testcase name="APICarLoan" time="0.071" classname="com.demo.qa.test.CarLoanTest"/>
  <system-out/>
</testsuite> <!-- com.demo.qa.test.CarLoanTest -->
