<?xml version="1.0" encoding="UTF-8"?>
<!-- Generated by org.testng.reporters.JUnitReportReporter -->
<testsuite skipped="0" hostname="BDC4-L-61062ND" name="com.demo.qa.test.CreditCardTest" tests="3" failures="0" timestamp="2020-05-12T16:58:34 IST" time="0.020" errors="0">
  <testcase name="GoldCreditCard" time="0.009" classname="com.demo.qa.test.CreditCardTest"/>
  <system-out/>
  <testcase name="DiamondCreditCard" time="0.007" classname="com.demo.qa.test.CreditCardTest"/>
  <system-out/>
  <testcase name="PlatinumCreditCard" time="0.004" classname="com.demo.qa.test.CreditCardTest"/>
  <system-out/>
</testsuite> <!-- com.demo.qa.test.CreditCardTest -->
