<?xml version="1.0" encoding="UTF-8"?>
<!-- Generated by org.testng.reporters.JUnitReportReporter -->
<testsuite skipped="0" hostname="BDC4-L-61062ND" name="com.demo.qa.test.HomeLoanTest" tests="2" failures="0" timestamp="2020-05-12T16:58:34 IST" time="0.016" errors="0">
  <testcase name="MobileHomeLoan" time="0.010" classname="com.demo.qa.test.HomeLoanTest"/>
  <system-out/>
  <testcase name="WebHomeLoan" time="0.006" classname="com.demo.qa.test.HomeLoanTest"/>
  <system-out/>
</testsuite> <!-- com.demo.qa.test.HomeLoanTest -->
